<?xml version="1.0" encoding="UTF-8"?>
<!-- Generated by org.testng.reporters.JUnitReportReporter -->
<testsuite skipped="4" hostname="DESKTOP-U0GBSC6" name="testngConepts.OpenGoogle" tests="6" failures="0" timestamp="08 Oct 2019 03:30:52 GMT" time="54.488" errors="2">
  <testcase name="setUp" time="27.240" classname="testngConepts.OpenGoogle">
    <error type="org.openqa.selenium.SessionNotCreatedException" message="session not created
from chrome not reachable
  (Session info: chrome=77.0.3865.90)
Build info: version: &#039;3.141.59&#039;, revision: &#039;e82be7d358&#039;, time: &#039;2018-11-14T08:25:48&#039;
System info: host: &#039;DESKTOP-U0GBSC6&#039;, ip: &#039;192.168.43.2&#039;, os.name: &#039;Windows 10&#039;, os.arch: &#039;amd64&#039;, os.version: &#039;10.0&#039;, java.version: &#039;1.8.0_144&#039;
Driver info: driver.version: ChromeDriver
remote stacktrace: Backtrace:
	Ordinal0 [0x01517C53+1473619]
	Ordinal0 [0x0149AD71+961905]
	Ordinal0 [0x0142415C+475484]
	Ordinal0 [0x0141DAEA+449258]
	Ordinal0 [0x0141E188+450952]
	Ordinal0 [0x0141F295+455317]
	Ordinal0 [0x0141B495+439445]
	Ordinal0 [0x01424F10+478992]
	Ordinal0 [0x013D98FE+170238]
	Ordinal0 [0x013D8D1D+167197]
	Ordinal0 [0x013D742B+160811]
	Ordinal0 [0x013C0AE6+68326]
	Ordinal0 [0x013C1BF0+72688]
	Ordinal0 [0x013C1B89+72585]
	Ordinal0 [0x014B4B37+1067831]
	GetHandleVerifier [0x015B6845+506677]
	GetHandleVerifier [0x015B65E0+506064]
	GetHandleVerifier [0x015BD188+533624]
	GetHandleVerifier [0x015B701A+508682]
	Ordinal0 [0x014AC226+1032742]
	Ordinal0 [0x014AC09F+1032351]
	Ordinal0 [0x014B6A4B+1075787]
	Ordinal0 [0x014B6BB3+1076147]
	Ordinal0 [0x014B5B65+1071973]
	BaseThreadInitThunk [0x74208494+36]
	RtlAreBitsSet [0x771341C8+136]
	RtlAreBitsSet [0x77134198+88]
">
      <![CDATA[org.openqa.selenium.SessionNotCreatedException: session not created
from chrome not reachable
  (Session info: chrome=77.0.3865.90)
Build info: version: '3.141.59', revision: 'e82be7d358', time: '2018-11-14T08:25:48'
System info: host: 'DESKTOP-U0GBSC6', ip: '192.168.43.2', os.name: 'Windows 10', os.arch: 'amd64', os.version: '10.0', java.version: '1.8.0_144'
Driver info: driver.version: ChromeDriver
remote stacktrace: Backtrace:
Ordinal0 [0x01517C53+1473619]
Ordinal0 [0x0149AD71+961905]
Ordinal0 [0x0142415C+475484]
Ordinal0 [0x0141DAEA+449258]
Ordinal0 [0x0141E188+450952]
Ordinal0 [0x0141F295+455317]
Ordinal0 [0x0141B495+439445]
Ordinal0 [0x01424F10+478992]
Ordinal0 [0x013D98FE+170238]
Ordinal0 [0x013D8D1D+167197]
Ordinal0 [0x013D742B+160811]
Ordinal0 [0x013C0AE6+68326]
Ordinal0 [0x013C1BF0+72688]
Ordinal0 [0x013C1B89+72585]
Ordinal0 [0x014B4B37+1067831]
GetHandleVerifier [0x015B6845+506677]
GetHandleVerifier [0x015B65E0+506064]
GetHandleVerifier [0x015BD188+533624]
GetHandleVerifier [0x015B701A+508682]
Ordinal0 [0x014AC226+1032742]
Ordinal0 [0x014AC09F+1032351]
Ordinal0 [0x014B6A4B+1075787]
Ordinal0 [0x014B6BB3+1076147]
Ordinal0 [0x014B5B65+1071973]
BaseThreadInitThunk [0x74208494+36]
RtlAreBitsSet [0x771341C8+136]
RtlAreBitsSet [0x77134198+88]

at sun.reflect.NativeConstructorAccessorImpl.newInstance0(Native Method)
at sun.reflect.NativeConstructorAccessorImpl.newInstance(Unknown Source)
at sun.reflect.DelegatingConstructorAccessorImpl.newInstance(Unknown Source)
at java.lang.reflect.Constructor.newInstance(Unknown Source)
at org.openqa.selenium.remote.W3CHandshakeResponse.lambda$errorHandler$0(W3CHandshakeResponse.java:62)
at org.openqa.selenium.remote.HandshakeResponse.lambda$getResponseFunction$0(HandshakeResponse.java:30)
at org.openqa.selenium.remote.ProtocolHandshake.lambda$createSession$0(ProtocolHandshake.java:126)
at java.util.stream.ReferencePipeline$3$1.accept(Unknown Source)
at java.util.Spliterators$ArraySpliterator.tryAdvance(Unknown Source)
at java.util.stream.ReferencePipeline.forEachWithCancel(Unknown Source)
at java.util.stream.AbstractPipeline.copyIntoWithCancel(Unknown Source)
at java.util.stream.AbstractPipeline.copyInto(Unknown Source)
at java.util.stream.AbstractPipeline.wrapAndCopyInto(Unknown Source)
at java.util.stream.FindOps$FindOp.evaluateSequential(Unknown Source)
at java.util.stream.AbstractPipeline.evaluate(Unknown Source)
at java.util.stream.ReferencePipeline.findFirst(Unknown Source)
at org.openqa.selenium.remote.ProtocolHandshake.createSession(ProtocolHandshake.java:128)
at org.openqa.selenium.remote.ProtocolHandshake.createSession(ProtocolHandshake.java:74)
at org.openqa.selenium.remote.HttpCommandExecutor.execute(HttpCommandExecutor.java:136)
at org.openqa.selenium.remote.service.DriverCommandExecutor.execute(DriverCommandExecutor.java:83)
at org.openqa.selenium.remote.RemoteWebDriver.execute(RemoteWebDriver.java:552)
at org.openqa.selenium.remote.RemoteWebDriver.startSession(RemoteWebDriver.java:213)
at org.openqa.selenium.remote.RemoteWebDriver.<init>(RemoteWebDriver.java:131)
at org.openqa.selenium.chrome.ChromeDriver.<init>(ChromeDriver.java:181)
at org.openqa.selenium.chrome.ChromeDriver.<init>(ChromeDriver.java:168)
at org.openqa.selenium.chrome.ChromeDriver.<init>(ChromeDriver.java:123)
at testngConepts.OpenGoogle.setUp(OpenGoogle.java:21)
at sun.reflect.NativeMethodAccessorImpl.invoke0(Native Method)
at sun.reflect.NativeMethodAccessorImpl.invoke(Unknown Source)
at sun.reflect.DelegatingMethodAccessorImpl.invoke(Unknown Source)
at java.lang.reflect.Method.invoke(Unknown Source)
at org.testng.internal.MethodInvocationHelper.invokeMethod(MethodInvocationHelper.java:124)
at org.testng.internal.MethodInvocationHelper.invokeMethodConsideringTimeout(MethodInvocationHelper.java:59)
at org.testng.internal.Invoker.invokeConfigurationMethod(Invoker.java:455)
at org.testng.internal.Invoker.invokeConfigurations(Invoker.java:222)
at org.testng.internal.Invoker.invokeMethod(Invoker.java:520)
at org.testng.internal.Invoker.invokeTestMethod(Invoker.java:716)
at org.testng.internal.Invoker.invokeTestMethods(Invoker.java:988)
at org.testng.internal.TestMethodWorker.invokeTestMethods(TestMethodWorker.java:125)
at org.testng.internal.TestMethodWorker.run(TestMethodWorker.java:109)
at java.util.concurrent.ThreadPoolExecutor.runWorker(Unknown Source)
at java.util.concurrent.ThreadPoolExecutor$Worker.run(Unknown Source)
at java.lang.Thread.run(Unknown Source)
]]>
    </error>
  </testcase> <!-- setUp -->
  <testcase name="setUp" time="27.248" classname="testngConepts.OpenGoogle">
    <error type="org.openqa.selenium.SessionNotCreatedException" message="session not created
from chrome not reachable
  (Session info: chrome=77.0.3865.90)
Build info: version: &#039;3.141.59&#039;, revision: &#039;e82be7d358&#039;, time: &#039;2018-11-14T08:25:48&#039;
System info: host: &#039;DESKTOP-U0GBSC6&#039;, ip: &#039;192.168.43.2&#039;, os.name: &#039;Windows 10&#039;, os.arch: &#039;amd64&#039;, os.version: &#039;10.0&#039;, java.version: &#039;1.8.0_144&#039;
Driver info: driver.version: ChromeDriver
remote stacktrace: Backtrace:
	Ordinal0 [0x01517C53+1473619]
	Ordinal0 [0x0149AD71+961905]
	Ordinal0 [0x0142415C+475484]
	Ordinal0 [0x0141DAEA+449258]
	Ordinal0 [0x0141E188+450952]
	Ordinal0 [0x0141F295+455317]
	Ordinal0 [0x0141B495+439445]
	Ordinal0 [0x01424F10+478992]
	Ordinal0 [0x013D98FE+170238]
	Ordinal0 [0x013D8D1D+167197]
	Ordinal0 [0x013D742B+160811]
	Ordinal0 [0x013C0AE6+68326]
	Ordinal0 [0x013C1BF0+72688]
	Ordinal0 [0x013C1B89+72585]
	Ordinal0 [0x014B4B37+1067831]
	GetHandleVerifier [0x015B6845+506677]
	GetHandleVerifier [0x015B65E0+506064]
	GetHandleVerifier [0x015BD188+533624]
	GetHandleVerifier [0x015B701A+508682]
	Ordinal0 [0x014AC226+1032742]
	Ordinal0 [0x014AC09F+1032351]
	Ordinal0 [0x014B6A4B+1075787]
	Ordinal0 [0x014B6BB3+1076147]
	Ordinal0 [0x014B5B65+1071973]
	BaseThreadInitThunk [0x74208494+36]
	RtlAreBitsSet [0x771341C8+136]
	RtlAreBitsSet [0x77134198+88]
">
      <![CDATA[org.openqa.selenium.SessionNotCreatedException: session not created
from chrome not reachable
  (Session info: chrome=77.0.3865.90)
Build info: version: '3.141.59', revision: 'e82be7d358', time: '2018-11-14T08:25:48'
System info: host: 'DESKTOP-U0GBSC6', ip: '192.168.43.2', os.name: 'Windows 10', os.arch: 'amd64', os.version: '10.0', java.version: '1.8.0_144'
Driver info: driver.version: ChromeDriver
remote stacktrace: Backtrace:
Ordinal0 [0x01517C53+1473619]
Ordinal0 [0x0149AD71+961905]
Ordinal0 [0x0142415C+475484]
Ordinal0 [0x0141DAEA+449258]
Ordinal0 [0x0141E188+450952]
Ordinal0 [0x0141F295+455317]
Ordinal0 [0x0141B495+439445]
Ordinal0 [0x01424F10+478992]
Ordinal0 [0x013D98FE+170238]
Ordinal0 [0x013D8D1D+167197]
Ordinal0 [0x013D742B+160811]
Ordinal0 [0x013C0AE6+68326]
Ordinal0 [0x013C1BF0+72688]
Ordinal0 [0x013C1B89+72585]
Ordinal0 [0x014B4B37+1067831]
GetHandleVerifier [0x015B6845+506677]
GetHandleVerifier [0x015B65E0+506064]
GetHandleVerifier [0x015BD188+533624]
GetHandleVerifier [0x015B701A+508682]
Ordinal0 [0x014AC226+1032742]
Ordinal0 [0x014AC09F+1032351]
Ordinal0 [0x014B6A4B+1075787]
Ordinal0 [0x014B6BB3+1076147]
Ordinal0 [0x014B5B65+1071973]
BaseThreadInitThunk [0x74208494+36]
RtlAreBitsSet [0x771341C8+136]
RtlAreBitsSet [0x77134198+88]

at sun.reflect.NativeConstructorAccessorImpl.newInstance0(Native Method)
at sun.reflect.NativeConstructorAccessorImpl.newInstance(Unknown Source)
at sun.reflect.DelegatingConstructorAccessorImpl.newInstance(Unknown Source)
at java.lang.reflect.Constructor.newInstance(Unknown Source)
at org.openqa.selenium.remote.W3CHandshakeResponse.lambda$errorHandler$0(W3CHandshakeResponse.java:62)
at org.openqa.selenium.remote.HandshakeResponse.lambda$getResponseFunction$0(HandshakeResponse.java:30)
at org.openqa.selenium.remote.ProtocolHandshake.lambda$createSession$0(ProtocolHandshake.java:126)
at java.util.stream.ReferencePipeline$3$1.accept(Unknown Source)
at java.util.Spliterators$ArraySpliterator.tryAdvance(Unknown Source)
at java.util.stream.ReferencePipeline.forEachWithCancel(Unknown Source)
at java.util.stream.AbstractPipeline.copyIntoWithCancel(Unknown Source)
at java.util.stream.AbstractPipeline.copyInto(Unknown Source)
at java.util.stream.AbstractPipeline.wrapAndCopyInto(Unknown Source)
at java.util.stream.FindOps$FindOp.evaluateSequential(Unknown Source)
at java.util.stream.AbstractPipeline.evaluate(Unknown Source)
at java.util.stream.ReferencePipeline.findFirst(Unknown Source)
at org.openqa.selenium.remote.ProtocolHandshake.createSession(ProtocolHandshake.java:128)
at org.openqa.selenium.remote.ProtocolHandshake.createSession(ProtocolHandshake.java:74)
at org.openqa.selenium.remote.HttpCommandExecutor.execute(HttpCommandExecutor.java:136)
at org.openqa.selenium.remote.service.DriverCommandExecutor.execute(DriverCommandExecutor.java:83)
at org.openqa.selenium.remote.RemoteWebDriver.execute(RemoteWebDriver.java:552)
at org.openqa.selenium.remote.RemoteWebDriver.startSession(RemoteWebDriver.java:213)
at org.openqa.selenium.remote.RemoteWebDriver.<init>(RemoteWebDriver.java:131)
at org.openqa.selenium.chrome.ChromeDriver.<init>(ChromeDriver.java:181)
at org.openqa.selenium.chrome.ChromeDriver.<init>(ChromeDriver.java:168)
at org.openqa.selenium.chrome.ChromeDriver.<init>(ChromeDriver.java:123)
at testngConepts.OpenGoogle.setUp(OpenGoogle.java:21)
at sun.reflect.NativeMethodAccessorImpl.invoke0(Native Method)
at sun.reflect.NativeMethodAccessorImpl.invoke(Unknown Source)
at sun.reflect.DelegatingMethodAccessorImpl.invoke(Unknown Source)
at java.lang.reflect.Method.invoke(Unknown Source)
at org.testng.internal.MethodInvocationHelper.invokeMethod(MethodInvocationHelper.java:124)
at org.testng.internal.MethodInvocationHelper.invokeMethodConsideringTimeout(MethodInvocationHelper.java:59)
at org.testng.internal.Invoker.invokeConfigurationMethod(Invoker.java:455)
at org.testng.internal.Invoker.invokeConfigurations(Invoker.java:222)
at org.testng.internal.Invoker.invokeMethod(Invoker.java:520)
at org.testng.internal.Invoker.invokeTestMethod(Invoker.java:716)
at org.testng.internal.Invoker.invokeTestMethods(Invoker.java:988)
at org.testng.internal.TestMethodWorker.invokeTestMethods(TestMethodWorker.java:125)
at org.testng.internal.TestMethodWorker.run(TestMethodWorker.java:109)
at java.util.concurrent.ThreadPoolExecutor.runWorker(Unknown Source)
at java.util.concurrent.ThreadPoolExecutor$Worker.run(Unknown Source)
at java.lang.Thread.run(Unknown Source)
]]>
    </error>
  </testcase> <!-- setUp -->
  <testcase name="seachDataTest" time="0.000" classname="testngConepts.OpenGoogle">
    <skipped/>
  </testcase> <!-- seachDataTest -->
  <testcase name="checkLogoTest" time="0.000" classname="testngConepts.OpenGoogle">
    <skipped/>
  </testcase> <!-- checkLogoTest -->
  <testcase name="getTitleTest" time="0.000" classname="testngConepts.OpenGoogle">
    <skipped/>
  </testcase> <!-- getTitleTest -->
  <testcase name="checkLinkTest" time="0.000" classname="testngConepts.OpenGoogle">
    <skipped/>
  </testcase> <!-- checkLinkTest -->
</testsuite> <!-- testngConepts.OpenGoogle -->
